[debug] [2021-04-30T11:14:40.666Z] ----------------------------------------------------------------------
[debug] [2021-04-30T11:14:40.668Z] Command:       /home/edsion/tools/node/bin/node /home/edsion/tools/node/bin/firebase init
[debug] [2021-04-30T11:14:40.668Z] CLI Version:   9.10.0
[debug] [2021-04-30T11:14:40.669Z] Platform:      linux
[debug] [2021-04-30T11:14:40.669Z] Node Version:  v14.16.0
[debug] [2021-04-30T11:14:40.669Z] Time:          Fri Apr 30 2021 19:14:40 GMT+0800 (China Standard Time)
[debug] [2021-04-30T11:14:40.669Z] ----------------------------------------------------------------------
[debug] 
[debug] [2021-04-30T11:14:40.671Z] >>> [apiv2][query] GET https://firebase-public.firebaseio.com/cli.json [none]
[debug] [2021-04-30T11:14:40.690Z] > command requires scopes: ["email","openid","https://www.googleapis.com/auth/cloudplatformprojects.readonly","https://www.googleapis.com/auth/firebase","https://www.googleapis.com/auth/cloud-platform"]
[debug] [2021-04-30T11:14:40.690Z] > authorizing via signed-in user (guzhenxu0@gmail.com)
[info] 
     ######## #### ########  ######## ########     ###     ######  ########
     ##        ##  ##     ## ##       ##     ##  ##   ##  ##       ##
     ######    ##  ########  ######   ########  #########  ######  ######
     ##        ##  ##    ##  ##       ##     ## ##     ##       ## ##
     ##       #### ##     ## ######## ########  ##     ##  ######  ########

You're about to initialize a Firebase project in this directory:

  /home/edsion/project/Angular/mean-app

Before we get started, keep in mind:

  * You are initializing in an existing Firebase project directory

[info] 
=== Project Setup
[info] 
[info] First, let's associate this project directory with a Firebase project.
[info] You can create multiple project aliases by running firebase use --add, 
[info] but for now we'll just set up a default project.
[info] 
[info] i  .firebaserc already has a default project, using ewind-111c7. 
[debug] [2021-04-30T11:14:43.807Z] >>> [apiv2][query] GET https://firebase.googleapis.com/v1beta1/projects/ewind-111c7 [none]
[debug] [2021-04-30T11:15:13.825Z] Timeout reached making request to https://firebase.googleapis.com/v1beta1/projects/ewind-111c7
[debug] [2021-04-30T11:15:13.842Z] FirebaseError: Timeout reached making request to https://firebase.googleapis.com/v1beta1/projects/ewind-111c7
    at Client.doRequest (/home/edsion/tools/node/lib/node_modules/firebase-tools/lib/apiv2.js:209:23)
    at processTicksAndRejections (internal/process/task_queues.js:93:5)
    at async Client.request (/home/edsion/tools/node/lib/node_modules/firebase-tools/lib/apiv2.js:96:20)
    at async Object.getFirebaseProject (/home/edsion/tools/node/lib/node_modules/firebase-tools/lib/management/projects.js:290:21)
    at async Object.doSetup [as project] (/home/edsion/tools/node/lib/node_modules/firebase-tools/lib/init/features/project.js:77:27)
    at async init (/home/edsion/tools/node/lib/node_modules/firebase-tools/lib/init/index.js:19:9)
[error] 
[error] Error: Failed to get Firebase project ewind-111c7. Please make sure the project exists and your account has permission to access it.
[debug] [2021-04-30T11:16:07.435Z] ----------------------------------------------------------------------
[debug] [2021-04-30T11:16:07.437Z] Command:       /home/edsion/tools/node/bin/node /home/edsion/tools/node/bin/firebase deploy
[debug] [2021-04-30T11:16:07.437Z] CLI Version:   9.10.0
[debug] [2021-04-30T11:16:07.437Z] Platform:      linux
[debug] [2021-04-30T11:16:07.437Z] Node Version:  v14.16.0
[debug] [2021-04-30T11:16:07.438Z] Time:          Fri Apr 30 2021 19:16:07 GMT+0800 (China Standard Time)
[debug] [2021-04-30T11:16:07.438Z] ----------------------------------------------------------------------
[debug] 
[debug] [2021-04-30T11:16:07.440Z] >>> [apiv2][query] GET https://firebase-public.firebaseio.com/cli.json [none]
[debug] [2021-04-30T11:16:07.462Z] > command requires scopes: ["email","openid","https://www.googleapis.com/auth/cloudplatformprojects.readonly","https://www.googleapis.com/auth/firebase","https://www.googleapis.com/auth/cloud-platform"]
[debug] [2021-04-30T11:16:07.462Z] > authorizing via signed-in user (guzhenxu0@gmail.com)
[debug] [2021-04-30T11:16:07.462Z] [iam] checking project ewind-111c7 for permissions ["firebase.projects.get","firebasehosting.sites.update"]
[debug] [2021-04-30T11:16:07.464Z] > refreshing access token with scopes: ["email","https://www.googleapis.com/auth/cloud-platform","https://www.googleapis.com/auth/cloudplatformprojects.readonly","https://www.googleapis.com/auth/firebase","openid"]
[debug] [2021-04-30T11:16:07.464Z] >>> HTTP REQUEST POST https://www.googleapis.com/oauth2/v3/token  
 <request body omitted>
[debug] [2021-04-30T11:16:08.753Z] [iam] error while checking permissions, command may fail: FirebaseError: Authentication Error: Your credentials are no longer valid. Please run firebase login --reauth

For CI servers and headless environments, generate a new token with firebase login:ci
[debug] [2021-04-30T11:16:08.754Z] >>> [apiv2][query] GET https://firebase.googleapis.com/v1beta1/projects/ewind-111c7 [none]
[debug] [2021-04-30T11:16:08.782Z] Failed to make request to https://firebase.googleapis.com/v1beta1/projects/ewind-111c7
[debug] [2021-04-30T11:16:08.792Z] FirebaseError: Failed to make request to https://firebase.googleapis.com/v1beta1/projects/ewind-111c7
    at Client.doRequest (/home/edsion/tools/node/lib/node_modules/firebase-tools/lib/apiv2.js:211:19)
    at processTicksAndRejections (internal/process/task_queues.js:93:5)
    at async Client.request (/home/edsion/tools/node/lib/node_modules/firebase-tools/lib/apiv2.js:96:20)
    at async Object.getFirebaseProject (/home/edsion/tools/node/lib/node_modules/firebase-tools/lib/management/projects.js:290:21)
    at async Object.getDefaultHostingSite (/home/edsion/tools/node/lib/node_modules/firebase-tools/lib/getDefaultHostingSite.js:8:21)
    at async requireHostingSite (/home/edsion/tools/node/lib/node_modules/firebase-tools/lib/requireHostingSite.js:9:18)
    at async Object.fn (/home/edsion/tools/node/lib/node_modules/firebase-tools/lib/commands/deploy.js:66:9)
    at async /home/edsion/tools/node/lib/node_modules/firebase-tools/lib/command.js:169:17
[error] 
[error] Error: Failed to get Firebase project ewind-111c7. Please make sure the project exists and your account has permission to access it.
